<?xml version="1.0" encoding="UTF-8"?>
<!-- Generated by org.testng.reporters.JUnitReportReporter -->
<testsuite hostname="DESKTOP-5CGRLB0" name="Assignment.Assignment" tests="1" failures="0" timestamp="13 Aug 2021 11:49:37 GMT" time="4.279" errors="0">
  <testcase name="TC_002" time="4.279" classname="Assignment.Assignment"/>
</testsuite> <!-- Assignment.Assignment -->
